<?xml version="1.0" encoding="UTF-8"?>
<!-- Generated by org.testng.reporters.JUnitReportReporter -->
<testsuite hostname="NeonZaraan" failures="0" tests="3" name="intregratedTestNG.CreatLead" time="49.612" errors="0" timestamp="2023-04-05T03:50:31 EDT" skipped="0">
  <testcase classname="intregratedTestNG.CreatLead" name="creatlead" time="14.719"/>
  <system-out/>
  <testcase classname="intregratedTestNG.CreatLead" name="creatlead" time="14.912"/>
  <system-out/>
  <testcase classname="intregratedTestNG.CreatLead" name="login" time="19.981"/>
  <system-out/>
</testsuite> <!-- intregratedTestNG.CreatLead -->
