<?xml version="1.0" encoding="UTF-8"?>
<!-- Generated by org.testng.reporters.JUnitReportReporter -->
<testsuite hostname="NeonZaraan" failures="0" tests="4" name="intregratedTestNG.CreateLead" time="72.463" errors="0" timestamp="2023-04-05T10:01:53 EDT" skipped="0">
  <testcase classname="intregratedTestNG.CreateLead" name="createlead" time="16.216"/>
  <system-out/>
  <testcase classname="intregratedTestNG.CreateLead" name="createlead" time="20.941"/>
  <system-out/>
  <testcase classname="intregratedTestNG.CreateLead" name="createlead" time="17.936"/>
  <system-out/>
  <testcase classname="intregratedTestNG.CreateLead" name="createlead" time="17.370"/>
  <system-out/>
</testsuite> <!-- intregratedTestNG.CreateLead -->
