<?xml version="1.0" encoding="UTF-8"?>
<!-- Generated by org.testng.reporters.JUnitReportReporter -->
<testsuite hostname="NeonZaraan" failures="0" tests="5" name="intregratedTestNG.CreatleadXl" time="98.589" errors="0" timestamp="2023-04-05T09:14:33 EDT" skipped="0">
  <testcase classname="intregratedTestNG.CreatleadXl" name="login" time="24.164"/>
  <system-out/>
  <testcase classname="intregratedTestNG.CreatleadXl" name="creatlead" time="18.459"/>
  <system-out/>
  <testcase classname="intregratedTestNG.CreatleadXl" name="creatlead" time="17.379"/>
  <system-out/>
  <testcase classname="intregratedTestNG.CreatleadXl" name="creatlead" time="17.458"/>
  <system-out/>
  <testcase classname="intregratedTestNG.CreatleadXl" name="creatlead" time="21.129"/>
  <system-out/>
</testsuite> <!-- intregratedTestNG.CreatleadXl -->
