<?xml version="1.0" encoding="UTF-8"?>
<!-- Generated by org.testng.reporters.JUnitReportReporter -->
<testsuite hostname="NeonZaraan" failures="0" tests="8" name="steps.TestRunner" time="106.117" errors="0" timestamp="2023-05-02T06:45:56 EDT" skipped="0">
  <testcase classname="steps.TestRunner" name="runScenario" time="3.517"/>
  <system-out/>
  <testcase classname="steps.TestRunner" name="runScenario" time="17.376"/>
  <system-out/>
  <testcase classname="steps.TestRunner" name="runScenario" time="19.373"/>
  <system-out/>
  <testcase classname="steps.TestRunner" name="runScenario" time="33.023"/>
  <system-out/>
  <testcase classname="steps.TestRunner" name="runScenario" time="5.308"/>
  <system-out/>
  <testcase classname="steps.TestRunner" name="runScenario" time="3.590"/>
  <system-out/>
  <testcase classname="steps.TestRunner" name="runScenario" time="3.910"/>
  <system-out/>
  <testcase classname="steps.TestRunner" name="runScenario" time="20.020"/>
  <system-out/>
</testsuite> <!-- steps.TestRunner -->
